<?xml version="1.0" encoding="UTF-8"?>
<!-- Generated by org.testng.reporters.JUnitReportReporter -->
<testsuite hostname="DESKTOP-T8B8QGB" failures="0" tests="1" name="rahulshettyacademy.ExtentReports.ExtentReportsDemo" time="5.834" errors="0" timestamp="2022-09-12T23:58:02 IST" skipped="0">
  <testcase classname="rahulshettyacademy.ExtentReports.ExtentReportsDemo" name="initialDemo" time="5.834"/>
  <system-out/>
</testsuite> <!-- rahulshettyacademy.ExtentReports.ExtentReportsDemo -->
